<?xml version="1.0" encoding="UTF-8"?>
<!-- Generated by org.testng.reporters.JUnitXMLReporter -->
<testsuite ignored="2" hostname="Gunjans-MacBook-Air.local" failures="0" tests="0" time="0.001" errors="0" timestamp="2024-01-01T15:55:02 EST">
  <testcase classname="GunjanSrivastavaAutomation.Tests.ErrorValidationsTest" name="validatingLoginErrors" time="0.0">
    <ignored/>
  </testcase> <!-- validatingLoginErrors -->
  <testcase classname="GunjanSrivastavaAutomation.Tests.ErrorValidationsTest" name="productErrorValidation" time="0.0">
    <ignored/>
  </testcase> <!-- productErrorValidation -->
</testsuite>
