<?xml version="1.0" encoding="UTF-8"?>
<!-- Generated by org.testng.reporters.JUnitXMLReporter -->
<testsuite ignored="1" hostname="Gunjans-MacBook-Air.local" failures="0" tests="2" name="Submit Order Test" time="17.534" errors="0" timestamp="2024-01-03T13:01:24 EST">
  <testcase classname="GunjanSrivastavaAutomation.Tests.SubmitOrderTest" name="submitOrder" time="4.001"/>
  <testcase classname="GunjanSrivastavaAutomation.Tests.SubmitOrderTest" name="submitOrder" time="3.942"/>
  <testcase classname="GunjanSrivastavaAutomation.Tests.SubmitOrderTest" name="verifyOrderHistory" time="0.0">
    <ignored/>
  </testcase> <!-- verifyOrderHistory -->
</testsuite> <!-- Submit Order Test -->
